Case #1: 15 25
Case #2: 0 0
Case #3: 81 567
Case #4: 181 244
Case #5: 0 0
Case #6: 500 500
Case #7: 100 900
Case #8: 85 131
Case #9: 72 190
Case #10: 74 167
Case #11: 60 168
Case #12: 176 387
Case #13: 214 500
Case #14: 70 180
Case #15: 189 484
Case #16: 214 468
Case #17: 176 392
Case #18: 141 489
Case #19: 144 381
Case #20: 65 281
Case #21: 153 350
Case #22: 115 319
Case #23: 142 297
Case #24: 190 429
Case #25: 178 455
Case #26: 248 527
Case #27: 188 478
Case #28: 111 348
Case #29: 179 509
Case #30: 112 294
Case #31: 88 163
Case #32: 174 468
Case #33: 146 387
Case #34: 95 247
Case #35: 158 353
Case #36: 154 478
Case #37: 119 389
Case #38: 167 445
Case #39: 135 386
Case #40: 133 290
Case #41: 258 417
Case #42: 210 385
Case #43: 147 286
Case #44: 113 300
Case #45: 147 376
Case #46: 147 450
Case #47: 149 355
Case #48: 213 372
Case #49: 187 327
Case #50: 178 293
Case #51: 98 240
Case #52: 189 455
Case #53: 170 491
Case #54: 144 497
Case #55: 194 511
Case #56: 82 329
Case #57: 153 515
Case #58: 105 340
Case #59: 228 464
Case #60: 209 438
Case #61: 125 308
Case #62: 187 479
Case #63: 214 492
Case #64: 145 536
Case #65: 199 384
Case #66: 193 402
Case #67: 110 324
Case #68: 155 375
Case #69: 220 469
Case #70: 181 525
Case #71: 114 308
Case #72: 160 427
Case #73: 227 401
Case #74: 126 343
Case #75: 186 470
Case #76: 129 520
Case #77: 94 261
Case #78: 109 226
Case #79: 87 235
Case #80: 195 363
Case #81: 137 300
Case #82: 154 569
Case #83: 105 400
Case #84: 76 205
Case #85: 133 395
Case #86: 238 405
Case #87: 28 132
Case #88: 136 365
Case #89: 112 342
Case #90: 183 464
Case #91: 179 406
Case #92: 148 405
Case #93: 141 516
Case #94: 117 412
Case #95: 94 409
Case #96: 113 352
Case #97: 138 356
Case #98: 164 366
Case #99: 180 404
Case #100: 121 374
